<?xml version="1.0" encoding="UTF-8"?>
<!-- Generated by org.testng.reporters.JUnitReportReporter -->
<testsuite hostname="DESKTOP-A14EFB5" failures="0" tests="1" name="Tests.Service_TCs.Create.CreateService" time="1.402" errors="0" timestamp="2025-07-17T13:07:56 EEST" skipped="0">
  <testcase classname="Tests.Service_TCs.Create.CreateService" name="sendAllAttributes" time="1.402"/>
</testsuite> <!-- Tests.Service_TCs.Create.CreateService -->
